2012-06-04 18:31:57,811 [pool-4-thread-1] ERROR StackTrace  - Full Stack Trace:
org.codehaus.groovy.grails.exceptions.GrailsConfigurationException: Database driver [org.hsqldb.jdbcDriver] for HSQLDB not found. Since Grails 2.0 H2 is now the default database. You need to either add the 'org.h2.Driver' class as your database driver and change the connect URL format (for example 'jdbc:h2:mem:devDb') in DataSource.groovy or add HSQLDB as a dependency of your application.
	at sun.reflect.NativeConstructorAccessorImpl.newInstance0(Native Method)
	at sun.reflect.NativeConstructorAccessorImpl.newInstance(NativeConstructorAccessorImpl.java:39)
	at sun.reflect.DelegatingConstructorAccessorImpl.newInstance(DelegatingConstructorAccessorImpl.java:27)
	at java.lang.reflect.Constructor.newInstance(Constructor.java:513)
	at com.springsource.loaded.ri.ReflectiveInterceptor.jlrConstructorNewInstance(ReflectiveInterceptor.java:963)
	at org.codehaus.groovy.reflection.CachedConstructor.invoke(CachedConstructor.java:77)
	at org.codehaus.groovy.reflection.CachedConstructor.doConstructorInvoke(CachedConstructor.java:71)
	at org.codehaus.groovy.runtime.callsite.ConstructorSite$ConstructorSiteNoUnwrap.callConstructor(ConstructorSite.java:81)
	at org.codehaus.groovy.runtime.callsite.CallSiteArray.defaultCallConstructor(CallSiteArray.java:54)
	at org.codehaus.groovy.runtime.callsite.AbstractCallSite.callConstructor(AbstractCallSite.java:182)
	at org.codehaus.groovy.runtime.callsite.AbstractCallSite.callConstructor(AbstractCallSite.java:190)
	at org.codehaus.groovy.grails.plugins.datasource.DataSourceGrailsPlugin$_closure2.doCall(DataSourceGrailsPlugin.groovy:97)
	at sun.reflect.NativeMethodAccessorImpl.invoke0(Native Method)
	at sun.reflect.NativeMethodAccessorImpl.invoke(NativeMethodAccessorImpl.java:39)
	at sun.reflect.DelegatingMethodAccessorImpl.invoke(DelegatingMethodAccessorImpl.java:25)
	at java.lang.reflect.Method.invoke(Method.java:597)
	at com.springsource.loaded.ri.ReflectiveInterceptor.jlrMethodInvoke(ReflectiveInterceptor.java:1231)
	at org.codehaus.groovy.reflection.CachedMethod.invoke(CachedMethod.java:90)
	at groovy.lang.MetaMethod.doMethodInvoke(MetaMethod.java:233)
	at groovy.lang.MetaClassImpl.invokeMethod(MetaClassImpl.java:1047)
	at groovy.lang.ExpandoMetaClass.invokeMethod(ExpandoMetaClass.java:1110)
	at groovy.lang.MetaClassImpl.invokePropertyOrMissing(MetaClassImpl.java:1086)
	at groovy.lang.MetaClassImpl.invokeMethod(MetaClassImpl.java:1049)
	at groovy.lang.ExpandoMetaClass.invokeMethod(ExpandoMetaClass.java:1110)
	at groovy.lang.MetaClassImpl.invokeMethod(MetaClassImpl.java:877)
	at groovy.lang.MetaClassImpl.invokeMethod(MetaClassImpl.java:697)
	at org.codehaus.groovy.grails.plugins.datasource.DataSourceGrailsPlugin.invokeMethod(DataSourceGrailsPlugin.groovy)
	at groovy.lang.MetaClassImpl.invokeMethodOnGroovyObject(MetaClassImpl.java:1112)
	at groovy.lang.MetaClassImpl.invokeMethod(MetaClassImpl.java:1006)
	at groovy.lang.ExpandoMetaClass.invokeMethod(ExpandoMetaClass.java:1110)
	at groovy.lang.MetaClassImpl.invokeMethod(MetaClassImpl.java:877)
	at groovy.lang.MetaClassImpl.invokeMethod(MetaClassImpl.java:697)
	at groovy.lang.GroovyObjectSupport.invokeMethod(GroovyObjectSupport.java:44)
	at groovy.lang.MetaClassImpl.invokeMethodOnGroovyObject(MetaClassImpl.java:1112)
	at groovy.lang.MetaClassImpl.invokeMethod(MetaClassImpl.java:1006)
	at groovy.lang.ExpandoMetaClass.invokeMethod(ExpandoMetaClass.java:1110)
	at groovy.lang.MetaClassImpl.invokeMethod(MetaClassImpl.java:877)
	at org.codehaus.groovy.runtime.callsite.PogoMetaClassSite.callCurrent(PogoMetaClassSite.java:66)
	at org.codehaus.groovy.runtime.callsite.CallSiteArray.defaultCallCurrent(CallSiteArray.java:46)
	at org.codehaus.groovy.runtime.callsite.AbstractCallSite.callCurrent(AbstractCallSite.java:133)
	at org.codehaus.groovy.runtime.callsite.AbstractCallSite.callCurrent(AbstractCallSite.java:145)
	at org.codehaus.groovy.grails.plugins.datasource.DataSourceGrailsPlugin$_closure1_closure8.doCall(DataSourceGrailsPlugin.groovy:69)
	at sun.reflect.NativeMethodAccessorImpl.invoke0(Native Method)
	at sun.reflect.NativeMethodAccessorImpl.invoke(NativeMethodAccessorImpl.java:39)
	at sun.reflect.DelegatingMethodAccessorImpl.invoke(DelegatingMethodAccessorImpl.java:25)
	at java.lang.reflect.Method.invoke(Method.java:597)
	at com.springsource.loaded.ri.ReflectiveInterceptor.jlrMethodInvoke(ReflectiveInterceptor.java:1231)
	at org.codehaus.groovy.reflection.CachedMethod.invoke(CachedMethod.java:90)
	at groovy.lang.MetaMethod.doMethodInvoke(MetaMethod.java:233)
	at groovy.lang.MetaClassImpl.invokeMethod(MetaClassImpl.java:1047)
	at groovy.lang.ExpandoMetaClass.invokeMethod(ExpandoMetaClass.java:1110)
	at groovy.lang.MetaClassImpl.invokeMethod(MetaClassImpl.java:877)
	at groovy.lang.Closure.call(Closure.java:412)
	at org.codehaus.groovy.runtime.DefaultGroovyMethods.callClosureForMapEntry(DefaultGroovyMethods.java:3578)
	at org.codehaus.groovy.runtime.DefaultGroovyMethods.each(DefaultGroovyMethods.java:1405)
	at org.codehaus.groovy.runtime.dgm$163.invoke(Unknown Source)
	at org.codehaus.groovy.runtime.callsite.PojoMetaMethodSite$PojoMetaMethodSiteNoUnwrapNoCoerce.invoke(PojoMetaMethodSite.java:271)
	at org.codehaus.groovy.runtime.callsite.PojoMetaMethodSite.call(PojoMetaMethodSite.java:53)
	at org.codehaus.groovy.runtime.callsite.CallSiteArray.defaultCall(CallSiteArray.java:42)
	at org.codehaus.groovy.runtime.callsite.AbstractCallSite.call(AbstractCallSite.java:108)
	at org.codehaus.groovy.runtime.callsite.AbstractCallSite.call(AbstractCallSite.java:116)
	at org.codehaus.groovy.grails.plugins.datasource.DataSourceGrailsPlugin$_closure1.doCall(DataSourceGrailsPlugin.groovy:69)
	at sun.reflect.NativeMethodAccessorImpl.invoke0(Native Method)
	at sun.reflect.NativeMethodAccessorImpl.invoke(NativeMethodAccessorImpl.java:39)
	at sun.reflect.DelegatingMethodAccessorImpl.invoke(DelegatingMethodAccessorImpl.java:25)
	at java.lang.reflect.Method.invoke(Method.java:597)
	at com.springsource.loaded.ri.ReflectiveInterceptor.jlrMethodInvoke(ReflectiveInterceptor.java:1231)
	at org.codehaus.groovy.runtime.callsite.PogoMetaMethodSite$PogoCachedMethodSite.invoke(PogoMetaMethodSite.java:226)
	at org.codehaus.groovy.runtime.callsite.PogoMetaMethodSite.callCurrent(PogoMetaMethodSite.java:52)
	at org.codehaus.groovy.runtime.callsite.CallSiteArray.defaultCallCurrent(CallSiteArray.java:46)
	at org.codehaus.groovy.runtime.callsite.AbstractCallSite.callCurrent(AbstractCallSite.java:133)
	at org.codehaus.groovy.runtime.callsite.AbstractCallSite.callCurrent(AbstractCallSite.java:141)
	at org.codehaus.groovy.grails.plugins.datasource.DataSourceGrailsPlugin$_closure1.doCall(DataSourceGrailsPlugin.groovy)
	at sun.reflect.NativeMethodAccessorImpl.invoke0(Native Method)
	at sun.reflect.NativeMethodAccessorImpl.invoke(NativeMethodAccessorImpl.java:39)
	at sun.reflect.DelegatingMethodAccessorImpl.invoke(DelegatingMethodAccessorImpl.java:25)
	at java.lang.reflect.Method.invoke(Method.java:597)
	at com.springsource.loaded.ri.ReflectiveInterceptor.jlrMethodInvoke(ReflectiveInterceptor.java:1231)
	at org.codehaus.groovy.reflection.CachedMethod.invoke(CachedMethod.java:90)
	at groovy.lang.MetaMethod.doMethodInvoke(MetaMethod.java:233)
	at groovy.lang.MetaClassImpl.invokeMethod(MetaClassImpl.java:1047)
	at groovy.lang.ExpandoMetaClass.invokeMethod(ExpandoMetaClass.java:1110)
	at groovy.lang.MetaClassImpl.invokeMethod(MetaClassImpl.java:877)
	at groovy.lang.Closure.call(Closure.java:412)
	at groovy.lang.Closure.call(Closure.java:406)
	at grails.spring.BeanBuilder.invokeBeanDefiningClosure(BeanBuilder.java:736)
	at grails.spring.BeanBuilder.beans(BeanBuilder.java:569)
	at grails.spring.BeanBuilder.invokeMethod(BeanBuilder.java:511)
	at org.codehaus.groovy.grails.plugins.DefaultGrailsPlugin.doWithRuntimeConfiguration(DefaultGrailsPlugin.java:528)
	at org.codehaus.groovy.grails.plugins.AbstractGrailsPluginManager.doRuntimeConfiguration(AbstractGrailsPluginManager.java:120)
	at org.codehaus.groovy.grails.commons.spring.GrailsRuntimeConfigurator.configure(GrailsRuntimeConfigurator.java:156)
	at org.codehaus.groovy.grails.commons.spring.GrailsRuntimeConfigurator.configure(GrailsRuntimeConfigurator.java:127)
	at org.codehaus.groovy.grails.web.context.GrailsConfigUtils.configureWebApplicationContext(GrailsConfigUtils.java:121)
	at org.codehaus.groovy.grails.web.context.GrailsContextLoader.initWebApplicationContext(GrailsContextLoader.java:104)
	at org.springframework.web.context.ContextLoaderListener.contextInitialized(ContextLoaderListener.java:111)
	at org.apache.catalina.core.StandardContext.listenerStart(StandardContext.java:4779)
	at org.apache.catalina.core.StandardContext.startInternal(StandardContext.java:5273)
	at org.apache.catalina.util.LifecycleBase.start(LifecycleBase.java:150)
	at org.apache.catalina.core.ContainerBase$StartChild.call(ContainerBase.java:1566)
	at org.apache.catalina.core.ContainerBase$StartChild.call(ContainerBase.java:1556)
	at java.util.concurrent.FutureTask$Sync.innerRun(FutureTask.java:303)
	at java.util.concurrent.FutureTask.run(FutureTask.java:138)
	at java.util.concurrent.ThreadPoolExecutor$Worker.runTask(ThreadPoolExecutor.java:886)
	at java.util.concurrent.ThreadPoolExecutor$Worker.run(ThreadPoolExecutor.java:908)
	at java.lang.Thread.run(Thread.java:662)
2012-06-04 18:31:57,812 [pool-4-thread-1] ERROR StackTrace  - Full Stack Trace:
org.codehaus.groovy.grails.exceptions.GrailsConfigurationException: Database driver [org.hsqldb.jdbcDriver] for HSQLDB not found. Since Grails 2.0 H2 is now the default database. You need to either add the 'org.h2.Driver' class as your database driver and change the connect URL format (for example 'jdbc:h2:mem:devDb') in DataSource.groovy or add HSQLDB as a dependency of your application.
	at grails.spring.BeanBuilder.invokeBeanDefiningClosure(BeanBuilder.java:736)
	at grails.spring.BeanBuilder.beans(BeanBuilder.java:569)
	at grails.spring.BeanBuilder.invokeMethod(BeanBuilder.java:511)
	at java.util.concurrent.FutureTask$Sync.innerRun(FutureTask.java:303)
	at java.util.concurrent.FutureTask.run(FutureTask.java:138)
	at java.util.concurrent.ThreadPoolExecutor$Worker.runTask(ThreadPoolExecutor.java:886)
	at java.util.concurrent.ThreadPoolExecutor$Worker.run(ThreadPoolExecutor.java:908)
	at java.lang.Thread.run(Thread.java:662)
2012-06-04 18:31:57,812 [pool-4-thread-1] ERROR StackTrace  - Full Stack Trace:
org.codehaus.groovy.grails.exceptions.GrailsConfigurationException: Database driver [org.hsqldb.jdbcDriver] for HSQLDB not found. Since Grails 2.0 H2 is now the default database. You need to either add the 'org.h2.Driver' class as your database driver and change the connect URL format (for example 'jdbc:h2:mem:devDb') in DataSource.groovy or add HSQLDB as a dependency of your application.
	at grails.spring.BeanBuilder.invokeBeanDefiningClosure(BeanBuilder.java:736)
	at grails.spring.BeanBuilder.beans(BeanBuilder.java:569)
	at grails.spring.BeanBuilder.invokeMethod(BeanBuilder.java:511)
	at java.util.concurrent.FutureTask$Sync.innerRun(FutureTask.java:303)
	at java.util.concurrent.FutureTask.run(FutureTask.java:138)
	at java.util.concurrent.ThreadPoolExecutor$Worker.runTask(ThreadPoolExecutor.java:886)
	at java.util.concurrent.ThreadPoolExecutor$Worker.run(ThreadPoolExecutor.java:908)
	at java.lang.Thread.run(Thread.java:662)
2012-06-04 18:31:57,812 [pool-4-thread-1] ERROR StackTrace  - Full Stack Trace:
org.codehaus.groovy.grails.exceptions.GrailsConfigurationException: Database driver [org.hsqldb.jdbcDriver] for HSQLDB not found. Since Grails 2.0 H2 is now the default database. You need to either add the 'org.h2.Driver' class as your database driver and change the connect URL format (for example 'jdbc:h2:mem:devDb') in DataSource.groovy or add HSQLDB as a dependency of your application.
	at grails.spring.BeanBuilder.invokeBeanDefiningClosure(BeanBuilder.java:736)
	at grails.spring.BeanBuilder.beans(BeanBuilder.java:569)
	at grails.spring.BeanBuilder.invokeMethod(BeanBuilder.java:511)
	at java.util.concurrent.FutureTask$Sync.innerRun(FutureTask.java:303)
	at java.util.concurrent.FutureTask.run(FutureTask.java:138)
	at java.util.concurrent.ThreadPoolExecutor$Worker.runTask(ThreadPoolExecutor.java:886)
	at java.util.concurrent.ThreadPoolExecutor$Worker.run(ThreadPoolExecutor.java:908)
	at java.lang.Thread.run(Thread.java:662)
2012-06-04 18:40:25,482 [http-bio-8080-exec-4] ERROR StackTrace  - Full Stack Trace:
java.lang.IllegalArgumentException: Cannot encode null object
	at org.scribe.utils.Preconditions.check(Preconditions.java:80)
	at org.scribe.utils.Preconditions.checkNotNull(Preconditions.java:27)
	at org.scribe.utils.OAuthEncoder.encode(OAuthEncoder.java:28)
	at org.scribe.model.Parameter.asUrlEncodedPair(Parameter.java:26)
	at org.scribe.model.ParameterList.asFormUrlEncodedString(ParameterList.java:83)
	at org.scribe.model.ParameterList.asOauthBaseString(ParameterList.java:68)
	at org.scribe.extractors.BaseStringExtractorImpl.getSortedAndEncodedParams(BaseStringExtractorImpl.java:36)
	at org.scribe.extractors.BaseStringExtractorImpl.extract(BaseStringExtractorImpl.java:26)
	at org.scribe.oauth.OAuth10aServiceImpl.getSignature(OAuth10aServiceImpl.java:117)
	at org.scribe.oauth.OAuth10aServiceImpl.addOAuthParams(OAuth10aServiceImpl.java:63)
	at org.scribe.oauth.OAuth10aServiceImpl.getAccessToken(OAuth10aServiceImpl.java:79)
	at org.scribe.oauth.OAuthService$getAccessToken.call(Unknown Source)
	at org.codehaus.groovy.runtime.callsite.CallSiteArray.defaultCall(CallSiteArray.java:42)
	at org.codehaus.groovy.runtime.callsite.AbstractCallSite.call(AbstractCallSite.java:108)
	at org.codehaus.groovy.runtime.callsite.AbstractCallSite.call(AbstractCallSite.java:120)
	at displaynotepics.LoginController.accessToken(LoginController.groovy:74)
	at sun.reflect.NativeMethodAccessorImpl.invoke0(Native Method)
	at sun.reflect.NativeMethodAccessorImpl.invoke(NativeMethodAccessorImpl.java:39)
	at sun.reflect.DelegatingMethodAccessorImpl.invoke(DelegatingMethodAccessorImpl.java:25)
	at java.lang.reflect.Method.invoke(Method.java:597)
	at com.springsource.loaded.ri.ReflectiveInterceptor.jlrMethodInvoke(ReflectiveInterceptor.java:1231)
	at org.codehaus.groovy.grails.web.servlet.mvc.MixedGrailsControllerHelper.invoke(MixedGrailsControllerHelper.java:69)
	at org.codehaus.groovy.grails.web.servlet.mvc.AbstractGrailsControllerHelper.handleAction(AbstractGrailsControllerHelper.java:331)
	at org.codehaus.groovy.grails.web.servlet.mvc.AbstractGrailsControllerHelper.executeAction(AbstractGrailsControllerHelper.java:212)
	at org.codehaus.groovy.grails.web.servlet.mvc.AbstractGrailsControllerHelper.handleURI(AbstractGrailsControllerHelper.java:178)
	at org.codehaus.groovy.grails.web.servlet.mvc.AbstractGrailsControllerHelper.handleURI(AbstractGrailsControllerHelper.java:117)
	at org.codehaus.groovy.grails.web.servlet.mvc.SimpleGrailsController.handleRequest(SimpleGrailsController.java:72)
	at org.springframework.web.servlet.mvc.SimpleControllerHandlerAdapter.handle(SimpleControllerHandlerAdapter.java:48)
	at org.codehaus.groovy.grails.web.servlet.GrailsDispatcherServlet.doDispatch(GrailsDispatcherServlet.java:323)
	at org.springframework.web.servlet.DispatcherServlet.doService(DispatcherServlet.java:827)
	at org.springframework.web.servlet.FrameworkServlet.processRequest(FrameworkServlet.java:882)
	at org.springframework.web.servlet.FrameworkServlet.doGet(FrameworkServlet.java:778)
	at javax.servlet.http.HttpServlet.service(HttpServlet.java:621)
	at javax.servlet.http.HttpServlet.service(HttpServlet.java:722)
	at org.apache.catalina.core.ApplicationFilterChain.internalDoFilter(ApplicationFilterChain.java:305)
	at org.apache.catalina.core.ApplicationFilterChain.doFilter(ApplicationFilterChain.java:210)
	at org.springframework.web.filter.OncePerRequestFilter.doFilter(OncePerRequestFilter.java:70)
	at org.apache.catalina.core.ApplicationFilterChain.internalDoFilter(ApplicationFilterChain.java:243)
	at org.apache.catalina.core.ApplicationFilterChain.doFilter(ApplicationFilterChain.java:210)
	at org.springframework.web.filter.OncePerRequestFilter.doFilter(OncePerRequestFilter.java:70)
	at org.apache.catalina.core.ApplicationFilterChain.internalDoFilter(ApplicationFilterChain.java:243)
	at org.apache.catalina.core.ApplicationFilterChain.doFilter(ApplicationFilterChain.java:210)
	at org.springframework.web.filter.OncePerRequestFilter.doFilter(OncePerRequestFilter.java:70)
	at org.apache.catalina.core.ApplicationFilterChain.internalDoFilter(ApplicationFilterChain.java:243)
	at org.apache.catalina.core.ApplicationFilterChain.doFilter(ApplicationFilterChain.java:210)
	at org.apache.catalina.core.ApplicationDispatcher.invoke(ApplicationDispatcher.java:684)
	at org.apache.catalina.core.ApplicationDispatcher.processRequest(ApplicationDispatcher.java:471)
	at org.apache.catalina.core.ApplicationDispatcher.doForward(ApplicationDispatcher.java:402)
	at org.apache.catalina.core.ApplicationDispatcher.forward(ApplicationDispatcher.java:329)
	at org.codehaus.groovy.grails.web.util.WebUtils.forwardRequestForUrlMappingInfo(WebUtils.java:311)
	at org.codehaus.groovy.grails.web.util.WebUtils.forwardRequestForUrlMappingInfo(WebUtils.java:276)
	at org.codehaus.groovy.grails.web.util.WebUtils.forwardRequestForUrlMappingInfo(WebUtils.java:267)
	at org.codehaus.groovy.grails.web.mapping.filter.UrlMappingsFilter.doFilterInternal(UrlMappingsFilter.java:209)
	at org.springframework.web.filter.OncePerRequestFilter.doFilter(OncePerRequestFilter.java:76)
	at org.apache.catalina.core.ApplicationFilterChain.internalDoFilter(ApplicationFilterChain.java:243)
	at org.apache.catalina.core.ApplicationFilterChain.doFilter(ApplicationFilterChain.java:210)
	at org.codehaus.groovy.grails.web.sitemesh.GrailsPageFilter.obtainContent(GrailsPageFilter.java:200)
	at org.codehaus.groovy.grails.web.sitemesh.GrailsPageFilter.doFilter(GrailsPageFilter.java:151)
	at org.apache.catalina.core.ApplicationFilterChain.internalDoFilter(ApplicationFilterChain.java:243)
	at org.apache.catalina.core.ApplicationFilterChain.doFilter(ApplicationFilterChain.java:210)
	at org.codehaus.groovy.grails.web.servlet.mvc.GrailsWebRequestFilter.doFilterInternal(GrailsWebRequestFilter.java:69)
	at org.springframework.web.filter.OncePerRequestFilter.doFilter(OncePerRequestFilter.java:76)
	at org.apache.catalina.core.ApplicationFilterChain.internalDoFilter(ApplicationFilterChain.java:243)
	at org.apache.catalina.core.ApplicationFilterChain.doFilter(ApplicationFilterChain.java:210)
	at org.codehaus.groovy.grails.web.filters.HiddenHttpMethodFilter.doFilterInternal(HiddenHttpMethodFilter.java:69)
	at org.springframework.web.filter.OncePerRequestFilter.doFilter(OncePerRequestFilter.java:76)
	at org.apache.catalina.core.ApplicationFilterChain.internalDoFilter(ApplicationFilterChain.java:243)
	at org.apache.catalina.core.ApplicationFilterChain.doFilter(ApplicationFilterChain.java:210)
	at org.springframework.web.filter.CharacterEncodingFilter.doFilterInternal(CharacterEncodingFilter.java:88)
	at org.springframework.web.filter.OncePerRequestFilter.doFilter(OncePerRequestFilter.java:76)
	at org.springframework.web.filter.DelegatingFilterProxy.invokeDelegate(DelegatingFilterProxy.java:346)
	at org.springframework.web.filter.DelegatingFilterProxy.doFilter(DelegatingFilterProxy.java:259)
	at org.apache.catalina.core.ApplicationFilterChain.internalDoFilter(ApplicationFilterChain.java:243)
	at org.apache.catalina.core.ApplicationFilterChain.doFilter(ApplicationFilterChain.java:210)
	at org.apache.catalina.core.StandardWrapperValve.invoke(StandardWrapperValve.java:225)
	at org.apache.catalina.core.StandardContextValve.invoke(StandardContextValve.java:169)
	at org.apache.catalina.core.StandardHostValve.invoke(StandardHostValve.java:168)
	at org.apache.catalina.valves.ErrorReportValve.invoke(ErrorReportValve.java:98)
	at org.apache.catalina.core.StandardEngineValve.invoke(StandardEngineValve.java:118)
	at org.apache.catalina.connector.CoyoteAdapter.service(CoyoteAdapter.java:407)
	at org.apache.coyote.http11.AbstractHttp11Processor.process(AbstractHttp11Processor.java:999)
	at org.apache.coyote.AbstractProtocol$AbstractConnectionHandler.process(AbstractProtocol.java:565)
	at org.apache.tomcat.util.net.JIoEndpoint$SocketProcessor.run(JIoEndpoint.java:307)
	at java.util.concurrent.ThreadPoolExecutor$Worker.runTask(ThreadPoolExecutor.java:886)
	at java.util.concurrent.ThreadPoolExecutor$Worker.run(ThreadPoolExecutor.java:908)
	at java.lang.Thread.run(Thread.java:662)
2012-06-04 18:40:25,484 [http-bio-8080-exec-4] ERROR StackTrace  - Full Stack Trace:
java.lang.IllegalArgumentException: Cannot encode null object
	at org.scribe.utils.Preconditions.check(Preconditions.java:80)
	at org.scribe.utils.Preconditions.checkNotNull(Preconditions.java:27)
	at org.scribe.utils.OAuthEncoder.encode(OAuthEncoder.java:28)
	at org.scribe.model.Parameter.asUrlEncodedPair(Parameter.java:26)
	at org.scribe.model.ParameterList.asFormUrlEncodedString(ParameterList.java:83)
	at org.scribe.model.ParameterList.asOauthBaseString(ParameterList.java:68)
	at org.scribe.extractors.BaseStringExtractorImpl.getSortedAndEncodedParams(BaseStringExtractorImpl.java:36)
	at org.scribe.extractors.BaseStringExtractorImpl.extract(BaseStringExtractorImpl.java:26)
	at org.scribe.oauth.OAuth10aServiceImpl.getSignature(OAuth10aServiceImpl.java:117)
	at org.scribe.oauth.OAuth10aServiceImpl.addOAuthParams(OAuth10aServiceImpl.java:63)
	at org.scribe.oauth.OAuth10aServiceImpl.getAccessToken(OAuth10aServiceImpl.java:79)
	at displaynotepics.LoginController.accessToken(LoginController.groovy:74)
	at java.util.concurrent.ThreadPoolExecutor$Worker.runTask(ThreadPoolExecutor.java:886)
	at java.util.concurrent.ThreadPoolExecutor$Worker.run(ThreadPoolExecutor.java:908)
	at java.lang.Thread.run(Thread.java:662)
2012-06-04 18:40:25,497 [http-bio-8080-exec-4] ERROR StackTrace  - Full Stack Trace:
java.lang.IllegalArgumentException: Cannot encode null object
	at org.scribe.utils.Preconditions.check(Preconditions.java:80)
	at org.scribe.utils.Preconditions.checkNotNull(Preconditions.java:27)
	at org.scribe.utils.OAuthEncoder.encode(OAuthEncoder.java:28)
	at org.scribe.model.Parameter.asUrlEncodedPair(Parameter.java:26)
	at org.scribe.model.ParameterList.asFormUrlEncodedString(ParameterList.java:83)
	at org.scribe.model.ParameterList.asOauthBaseString(ParameterList.java:68)
	at org.scribe.extractors.BaseStringExtractorImpl.getSortedAndEncodedParams(BaseStringExtractorImpl.java:36)
	at org.scribe.extractors.BaseStringExtractorImpl.extract(BaseStringExtractorImpl.java:26)
	at org.scribe.oauth.OAuth10aServiceImpl.getSignature(OAuth10aServiceImpl.java:117)
	at org.scribe.oauth.OAuth10aServiceImpl.addOAuthParams(OAuth10aServiceImpl.java:63)
	at org.scribe.oauth.OAuth10aServiceImpl.getAccessToken(OAuth10aServiceImpl.java:79)
	at displaynotepics.LoginController.accessToken(LoginController.groovy:74)
	at java.util.concurrent.ThreadPoolExecutor$Worker.runTask(ThreadPoolExecutor.java:886)
	at java.util.concurrent.ThreadPoolExecutor$Worker.run(ThreadPoolExecutor.java:908)
	at java.lang.Thread.run(Thread.java:662)
2012-06-04 18:40:25,498 [http-bio-8080-exec-4] ERROR StackTrace  - Full Stack Trace:
java.lang.IllegalArgumentException: Cannot encode null object
	at org.scribe.utils.Preconditions.check(Preconditions.java:80)
	at org.scribe.utils.Preconditions.checkNotNull(Preconditions.java:27)
	at org.scribe.utils.OAuthEncoder.encode(OAuthEncoder.java:28)
	at org.scribe.model.Parameter.asUrlEncodedPair(Parameter.java:26)
	at org.scribe.model.ParameterList.asFormUrlEncodedString(ParameterList.java:83)
	at org.scribe.model.ParameterList.asOauthBaseString(ParameterList.java:68)
	at org.scribe.extractors.BaseStringExtractorImpl.getSortedAndEncodedParams(BaseStringExtractorImpl.java:36)
	at org.scribe.extractors.BaseStringExtractorImpl.extract(BaseStringExtractorImpl.java:26)
	at org.scribe.oauth.OAuth10aServiceImpl.getSignature(OAuth10aServiceImpl.java:117)
	at org.scribe.oauth.OAuth10aServiceImpl.addOAuthParams(OAuth10aServiceImpl.java:63)
	at org.scribe.oauth.OAuth10aServiceImpl.getAccessToken(OAuth10aServiceImpl.java:79)
	at displaynotepics.LoginController.accessToken(LoginController.groovy:74)
	at java.util.concurrent.ThreadPoolExecutor$Worker.runTask(ThreadPoolExecutor.java:886)
	at java.util.concurrent.ThreadPoolExecutor$Worker.run(ThreadPoolExecutor.java:908)
	at java.lang.Thread.run(Thread.java:662)
2012-06-04 18:40:25,498 [http-bio-8080-exec-4] ERROR StackTrace  - Full Stack Trace:
java.lang.IllegalArgumentException: Cannot encode null object
	at org.scribe.utils.Preconditions.check(Preconditions.java:80)
	at org.scribe.utils.Preconditions.checkNotNull(Preconditions.java:27)
	at org.scribe.utils.OAuthEncoder.encode(OAuthEncoder.java:28)
	at org.scribe.model.Parameter.asUrlEncodedPair(Parameter.java:26)
	at org.scribe.model.ParameterList.asFormUrlEncodedString(ParameterList.java:83)
	at org.scribe.model.ParameterList.asOauthBaseString(ParameterList.java:68)
	at org.scribe.extractors.BaseStringExtractorImpl.getSortedAndEncodedParams(BaseStringExtractorImpl.java:36)
	at org.scribe.extractors.BaseStringExtractorImpl.extract(BaseStringExtractorImpl.java:26)
	at org.scribe.oauth.OAuth10aServiceImpl.getSignature(OAuth10aServiceImpl.java:117)
	at org.scribe.oauth.OAuth10aServiceImpl.addOAuthParams(OAuth10aServiceImpl.java:63)
	at org.scribe.oauth.OAuth10aServiceImpl.getAccessToken(OAuth10aServiceImpl.java:79)
	at displaynotepics.LoginController.accessToken(LoginController.groovy:74)
	at java.util.concurrent.ThreadPoolExecutor$Worker.runTask(ThreadPoolExecutor.java:886)
	at java.util.concurrent.ThreadPoolExecutor$Worker.run(ThreadPoolExecutor.java:908)
	at java.lang.Thread.run(Thread.java:662)
2012-06-04 18:40:25,498 [http-bio-8080-exec-4] ERROR StackTrace  - Full Stack Trace:
java.lang.IllegalArgumentException: Cannot encode null object
	at org.scribe.utils.Preconditions.check(Preconditions.java:80)
	at org.scribe.utils.Preconditions.checkNotNull(Preconditions.java:27)
	at org.scribe.utils.OAuthEncoder.encode(OAuthEncoder.java:28)
	at org.scribe.model.Parameter.asUrlEncodedPair(Parameter.java:26)
	at org.scribe.model.ParameterList.asFormUrlEncodedString(ParameterList.java:83)
	at org.scribe.model.ParameterList.asOauthBaseString(ParameterList.java:68)
	at org.scribe.extractors.BaseStringExtractorImpl.getSortedAndEncodedParams(BaseStringExtractorImpl.java:36)
	at org.scribe.extractors.BaseStringExtractorImpl.extract(BaseStringExtractorImpl.java:26)
	at org.scribe.oauth.OAuth10aServiceImpl.getSignature(OAuth10aServiceImpl.java:117)
	at org.scribe.oauth.OAuth10aServiceImpl.addOAuthParams(OAuth10aServiceImpl.java:63)
	at org.scribe.oauth.OAuth10aServiceImpl.getAccessToken(OAuth10aServiceImpl.java:79)
	at displaynotepics.LoginController.accessToken(LoginController.groovy:74)
	at java.util.concurrent.ThreadPoolExecutor$Worker.runTask(ThreadPoolExecutor.java:886)
	at java.util.concurrent.ThreadPoolExecutor$Worker.run(ThreadPoolExecutor.java:908)
	at java.lang.Thread.run(Thread.java:662)
